0 info it worked if it ends with ok
1 verbose cli [ '/usr/local/Cellar/node/6.3.1/bin/node',
1 verbose cli   '/usr/local/bin/npm',
1 verbose cli   'run',
1 verbose cli   'eslint' ]
2 info using npm@3.10.3
3 info using node@v6.3.1
4 verbose run-script [ 'preeslint', 'eslint', 'posteslint' ]
5 info lifecycle complete-me@1.0.0~preeslint: complete-me@1.0.0
6 silly lifecycle complete-me@1.0.0~preeslint: no script for preeslint, continuing
7 info lifecycle complete-me@1.0.0~eslint: complete-me@1.0.0
8 verbose lifecycle complete-me@1.0.0~eslint: unsafe-perm in lifecycle true
9 verbose lifecycle complete-me@1.0.0~eslint: PATH: /usr/local/lib/node_modules/npm/bin/node-gyp-bin:/Users/stevenlawson/Turing/mod2/projects/complete-me/node_modules/.bin:/usr/local/Cellar/node/6.3.1/bin:/Users/stevenlawson/.rvm/gems/ruby-2.3.0/bin:/Users/stevenlawson/.rvm/gems/ruby-2.3.0@global/bin:/Users/stevenlawson/.rvm/rubies/ruby-2.3.0/bin:/Users/stevenlawson/.cargo/bin:/usr/local/bin:/usr/local/sbin:/usr/bin:/bin:/usr/sbin:/sbin:/Users/stevenlawson/.rvm/bin
10 verbose lifecycle complete-me@1.0.0~eslint: CWD: /Users/stevenlawson/Turing/mod2/projects/complete-me
11 silly lifecycle complete-me@1.0.0~eslint: Args: [ '-c', './node_modules/eslint/bin/eslint.js ./lib/*.js' ]
12 silly lifecycle complete-me@1.0.0~eslint: Returned: code: 1  signal: null
13 info lifecycle complete-me@1.0.0~eslint: Failed to exec eslint script
14 verbose stack Error: complete-me@1.0.0 eslint: `./node_modules/eslint/bin/eslint.js ./lib/*.js`
14 verbose stack Exit status 1
14 verbose stack     at EventEmitter.<anonymous> (/usr/local/lib/node_modules/npm/lib/utils/lifecycle.js:242:16)
14 verbose stack     at emitTwo (events.js:106:13)
14 verbose stack     at EventEmitter.emit (events.js:191:7)
14 verbose stack     at ChildProcess.<anonymous> (/usr/local/lib/node_modules/npm/lib/utils/spawn.js:40:14)
14 verbose stack     at emitTwo (events.js:106:13)
14 verbose stack     at ChildProcess.emit (events.js:191:7)
14 verbose stack     at maybeClose (internal/child_process.js:852:16)
14 verbose stack     at Process.ChildProcess._handle.onexit (internal/child_process.js:215:5)
15 verbose pkgid complete-me@1.0.0
16 verbose cwd /Users/stevenlawson/Turing/mod2/projects/complete-me
17 error Darwin 17.4.0
18 error argv "/usr/local/Cellar/node/6.3.1/bin/node" "/usr/local/bin/npm" "run" "eslint"
19 error node v6.3.1
20 error npm  v3.10.3
21 error code ELIFECYCLE
22 error complete-me@1.0.0 eslint: `./node_modules/eslint/bin/eslint.js ./lib/*.js`
22 error Exit status 1
23 error Failed at the complete-me@1.0.0 eslint script './node_modules/eslint/bin/eslint.js ./lib/*.js'.
23 error Make sure you have the latest version of node.js and npm installed.
23 error If you do, this is most likely a problem with the complete-me package,
23 error not with npm itself.
23 error Tell the author that this fails on your system:
23 error     ./node_modules/eslint/bin/eslint.js ./lib/*.js
23 error You can get information on how to open an issue for this project with:
23 error     npm bugs complete-me
23 error Or if that isn't available, you can get their info via:
23 error     npm owner ls complete-me
23 error There is likely additional logging output above.
24 verbose exit [ 1, true ]
